


ARM Macro Assembler    Page 1 


    1 00000000         ;/******************************************************
                       ***********************/
    2 00000000         ;/* STARTUP.S: Startup file for Philips LPC2000         
                                             */
    3 00000000         ;/******************************************************
                       ***********************/
    4 00000000         ;/* <<< Use Configuration Wizard in Context Menu >>>    
                                             */ 
    5 00000000         ;/******************************************************
                       ***********************/
    6 00000000         ;/* This file is part of the uVision/ARM development too
                       ls.                   */
    7 00000000         ;/* Copyright (c) 2005-2007 Keil Software. All rights re
                       served.               */
    8 00000000         ;/* This software may only be used under the terms of a 
                       valid, current,       */
    9 00000000         ;/* end user licence from KEIL for a compatible version 
                       of KEIL software      */
   10 00000000         ;/* development tools. Nothing else gives you the right 
                       to use this software. */
   11 00000000         ;/******************************************************
                       ***********************/
   12 00000000         
   13 00000000         
   14 00000000         ;/*
   15 00000000         ; *  The STARTUP.S code is executed after CPU Reset. Thi
                       s file may be 
   16 00000000         ; *  translated with the following SET symbols. In uVisi
                       on these SET 
   17 00000000         ; *  symbols are entered under Options - ASM - Define.
   18 00000000         ; *
   19 00000000         ; *  REMAP: when set the startup code initializes the re
                       gister MEMMAP 
   20 00000000         ; *  which overwrites the settings of the CPU configurat
                       ion pins. The 
   21 00000000         ; *  startup and interrupt vectors are remapped from:
   22 00000000         ; *     0x00000000  default setting (not remapped)
   23 00000000         ; *     0x80000000  when EXTMEM_MODE is used
   24 00000000         ; *     0x40000000  when RAM_MODE is used
   25 00000000         ; *  EXTMEM_MODE: when set the device is configured for 
                       code execution
   26 00000000         ; *  from external memory starting at address 0x80000000
                       .
   27 00000000         ; *
   28 00000000         ; *  RAM_MODE: when set the device is configured for cod
                       e execution
   29 00000000         ; *  from on-chip RAM starting at address 0x40000000.
   30 00000000         ; *
   31 00000000         ; *  EXTERNAL_MODE: when set the PIN2SEL values are writ
                       ten that enable
   32 00000000         ; *  the external BUS at startup.
   33 00000000         ; */
   34 00000000         
   35 00000000         
   36 00000000         ; Standard definitions of Mode bits and Interrupt (I & F
                       ) flags in PSRs
   37 00000000         
   38 00000000 00000010 
                       Mode_USR



ARM Macro Assembler    Page 2 


                               EQU              0x10
   39 00000000 00000011 
                       Mode_FIQ
                               EQU              0x11
   40 00000000 00000012 
                       Mode_IRQ
                               EQU              0x12
   41 00000000 00000013 
                       Mode_SVC
                               EQU              0x13
   42 00000000 00000017 
                       Mode_ABT
                               EQU              0x17
   43 00000000 0000001B 
                       Mode_UND
                               EQU              0x1B
   44 00000000 0000001F 
                       Mode_SYS
                               EQU              0x1F
   45 00000000         
   46 00000000 00000080 
                       I_Bit   EQU              0x80        ; when I bit is set
                                                            , IRQ is disabled
   47 00000000 00000040 
                       F_Bit   EQU              0x40        ; when F bit is set
                                                            , FIQ is disabled
   48 00000000         
   49 00000000         
   50 00000000         ;// <h> Stack Configuration (Stack Sizes in Bytes)
   51 00000000         ;//   <o0> Undefined Mode      <0x0-0xFFFFFFFF:8>
   52 00000000         ;//   <o1> Supervisor Mode     <0x0-0xFFFFFFFF:8>
   53 00000000         ;//   <o2> Abort Mode          <0x0-0xFFFFFFFF:8>
   54 00000000         ;//   <o3> Fast Interrupt Mode <0x0-0xFFFFFFFF:8>
   55 00000000         ;//   <o4> Interrupt Mode      <0x0-0xFFFFFFFF:8>
   56 00000000         ;//   <o5> User/System Mode    <0x0-0xFFFFFFFF:8>
   57 00000000         ;// </h>
   58 00000000         
   59 00000000 00000000 
                       UND_Stack_Size
                               EQU              0x00000000
   60 00000000 00000008 
                       SVC_Stack_Size
                               EQU              0x00000008
   61 00000000 00000000 
                       ABT_Stack_Size
                               EQU              0x00000000
   62 00000000 00000000 
                       FIQ_Stack_Size
                               EQU              0x00000000
   63 00000000 00000080 
                       IRQ_Stack_Size
                               EQU              0x00000080
   64 00000000 00000400 
                       USR_Stack_Size
                               EQU              0x00000400
   65 00000000         
   67 00000000 00000088 
                       ISR_Stack_Size
                               EQU              (UND_Stack_Size + SVC_Stack_Siz



ARM Macro Assembler    Page 3 


e + ABT_Stack_Size +                           FIQ_Stack_Size + IRQ_Stack_Size
)
   68 00000000         
   69 00000000                 AREA             STACK, NOINIT, READWRITE, ALIGN
=3
   70 00000000         
   71 00000000         Stack_Mem
                               SPACE            USR_Stack_Size
   72 00000400         __initial_sp
                               SPACE            ISR_Stack_Size
   73 00000488         
   74 00000488         Stack_Top
   75 00000488         
   76 00000488         
   77 00000488         ;// <h> Heap Configuration
   78 00000488         ;//   <o>  Heap Size (in Bytes) <0x0-0xFFFFFFFF>
   79 00000488         ;// </h>
   80 00000488         
   81 00000488 00000000 
                       Heap_Size
                               EQU              0x00000000
   82 00000488         
   83 00000488                 AREA             HEAP, NOINIT, READWRITE, ALIGN=
3
   84 00000000         __heap_base
   85 00000000         Heap_Mem
                               SPACE            Heap_Size
   86 00000000         __heap_limit
   87 00000000         
   88 00000000         
   89 00000000         ; VPBDIV definitions
   90 00000000 E01FC100 
                       VPBDIV  EQU              0xE01FC100  ; VPBDIV Address
   91 00000000         
   92 00000000         ;// <e> VPBDIV Setup
   93 00000000         ;// <i> Peripheral Bus Clock Rate
   94 00000000         ;//   <o1.0..1>   VPBDIV: VPB Clock
   95 00000000         ;//               <0=> VPB Clock = CPU Clock / 4
   96 00000000         ;//               <1=> VPB Clock = CPU Clock
   97 00000000         ;//               <2=> VPB Clock = CPU Clock / 2
   98 00000000         ;//   <o1.4..5>   XCLKDIV: XCLK Pin
   99 00000000         ;//               <0=> XCLK Pin = CPU Clock / 4
  100 00000000         ;//               <1=> XCLK Pin = CPU Clock
  101 00000000         ;//               <2=> XCLK Pin = CPU Clock / 2
  102 00000000         ;// </e>
  103 00000000 00000000 
                       VPBDIV_SETUP
                               EQU              0
  104 00000000 00000000 
                       VPBDIV_Val
                               EQU              0x00000000
  105 00000000         
  106 00000000         
  107 00000000         ; Phase Locked Loop (PLL) definitions
  108 00000000 E01FC080 
                       PLL_BASE
                               EQU              0xE01FC080  ; PLL Base Address
  109 00000000 00000000 
                       PLLCON_OFS



ARM Macro Assembler    Page 4 


                               EQU              0x00        ; PLL Control Offse
                                                            t
  110 00000000 00000004 
                       PLLCFG_OFS
                               EQU              0x04        ; PLL Configuration
                                                             Offset
  111 00000000 00000008 
                       PLLSTAT_OFS
                               EQU              0x08        ; PLL Status Offset
                                                            
  112 00000000 0000000C 
                       PLLFEED_OFS
                               EQU              0x0C        ; PLL Feed Offset
  113 00000000 00000001 
                       PLLCON_PLLE
                               EQU              (1<<0)      ; PLL Enable
  114 00000000 00000002 
                       PLLCON_PLLC
                               EQU              (1<<1)      ; PLL Connect
  115 00000000 0000001F 
                       PLLCFG_MSEL
                               EQU              (0x1F<<0)   ; PLL Multiplier
  116 00000000 00000060 
                       PLLCFG_PSEL
                               EQU              (0x03<<5)   ; PLL Divider
  117 00000000 00000400 
                       PLLSTAT_PLOCK
                               EQU              (1<<10)     ; PLL Lock Status
  118 00000000         
  119 00000000         ;// <e> PLL Setup
  120 00000000         ;//   <o1.0..4>   MSEL: PLL Multiplier Selection
  121 00000000         ;//               <1-32><#-1>
  122 00000000         ;//               <i> M Value
  123 00000000         ;//   <o1.5..6>   PSEL: PLL Divider Selection
  124 00000000         ;//               <0=> 1   <1=> 2   <2=> 4   <3=> 8
  125 00000000         ;//               <i> P Value
  126 00000000         ;// </e>
  127 00000000 00000001 
                       PLL_SETUP
                               EQU              1
  128 00000000 00000024 
                       PLLCFG_Val
                               EQU              0x00000024
  129 00000000         
  130 00000000         
  131 00000000         ; Memory Accelerator Module (MAM) definitions
  132 00000000 E01FC000 
                       MAM_BASE
                               EQU              0xE01FC000  ; MAM Base Address
  133 00000000 00000000 
                       MAMCR_OFS
                               EQU              0x00        ; MAM Control Offse
                                                            t
  134 00000000 00000004 
                       MAMTIM_OFS
                               EQU              0x04        ; MAM Timing Offset
                                                            
  135 00000000         
  136 00000000         ;// <e> MAM Setup



ARM Macro Assembler    Page 5 


  137 00000000         ;//   <o1.0..1>   MAM Control
  138 00000000         ;//               <0=> Disabled
  139 00000000         ;//               <1=> Partially Enabled
  140 00000000         ;//               <2=> Fully Enabled
  141 00000000         ;//               <i> Mode
  142 00000000         ;//   <o2.0..2>   MAM Timing
  143 00000000         ;//               <0=> Reserved  <1=> 1   <2=> 2   <3=> 
                       3
  144 00000000         ;//               <4=> 4         <5=> 5   <6=> 6   <7=> 
                       7
  145 00000000         ;//               <i> Fetch Cycles
  146 00000000         ;// </e>
  147 00000000 00000001 
                       MAM_SETUP
                               EQU              1
  148 00000000 00000002 
                       MAMCR_Val
                               EQU              0x00000002
  149 00000000 00000004 
                       MAMTIM_Val
                               EQU              0x00000004
  150 00000000         
  151 00000000         
  152 00000000         ; External Memory Controller (EMC) definitions
  153 00000000 FFE00000 
                       EMC_BASE
                               EQU              0xFFE00000  ; EMC Base Address
  154 00000000 00000000 
                       BCFG0_OFS
                               EQU              0x00        ; BCFG0 Offset
  155 00000000 00000004 
                       BCFG1_OFS
                               EQU              0x04        ; BCFG1 Offset
  156 00000000 00000008 
                       BCFG2_OFS
                               EQU              0x08        ; BCFG2 Offset
  157 00000000 0000000C 
                       BCFG3_OFS
                               EQU              0x0C        ; BCFG3 Offset
  158 00000000         
  159 00000000         ;// <e> External Memory Controller (EMC)
  160 00000000 00000000 
                       EMC_SETUP
                               EQU              0
  161 00000000         
  162 00000000         ;//   <e> Bank Configuration 0 (BCFG0)
  163 00000000         ;//     <o1.0..3>   IDCY: Idle Cycles <0-15>
  164 00000000         ;//     <o1.5..9>   WST1: Wait States 1 <0-31>
  165 00000000         ;//     <o1.11..15> WST2: Wait States 2 <0-31>
  166 00000000         ;//     <o1.10>     RBLE: Read Byte Lane Enable
  167 00000000         ;//     <o1.26>     WP: Write Protect
  168 00000000         ;//     <o1.27>     BM: Burst ROM
  169 00000000         ;//     <o1.28..29> MW: Memory Width  <0=>  8-bit  <1=> 
                       16-bit
  170 00000000         ;//                                   <2=> 32-bit  <3=> 
                       Reserved
  171 00000000         ;//   </e>
  172 00000000 00000000 
                       BCFG0_SETUP



ARM Macro Assembler    Page 6 


                               EQU              0
  173 00000000 0000FBEF 
                       BCFG0_Val
                               EQU              0x0000FBEF
  174 00000000         
  175 00000000         ;//   <e> Bank Configuration 1 (BCFG1)
  176 00000000         ;//     <o1.0..3>   IDCY: Idle Cycles <0-15>
  177 00000000         ;//     <o1.5..9>   WST1: Wait States 1 <0-31>
  178 00000000         ;//     <o1.11..15> WST2: Wait States 2 <0-31>
  179 00000000         ;//     <o1.10>     RBLE: Read Byte Lane Enable
  180 00000000         ;//     <o1.26>     WP: Write Protect
  181 00000000         ;//     <o1.27>     BM: Burst ROM
  182 00000000         ;//     <o1.28..29> MW: Memory Width  <0=>  8-bit  <1=> 
                       16-bit
  183 00000000         ;//                                   <2=> 32-bit  <3=> 
                       Reserved
  184 00000000         ;//   </e>
  185 00000000 00000000 
                       BCFG1_SETUP
                               EQU              0
  186 00000000 0000FBEF 
                       BCFG1_Val
                               EQU              0x0000FBEF
  187 00000000         
  188 00000000         ;//   <e> Bank Configuration 2 (BCFG2)
  189 00000000         ;//     <o1.0..3>   IDCY: Idle Cycles <0-15>
  190 00000000         ;//     <o1.5..9>   WST1: Wait States 1 <0-31>
  191 00000000         ;//     <o1.11..15> WST2: Wait States 2 <0-31>
  192 00000000         ;//     <o1.10>     RBLE: Read Byte Lane Enable
  193 00000000         ;//     <o1.26>     WP: Write Protect
  194 00000000         ;//     <o1.27>     BM: Burst ROM
  195 00000000         ;//     <o1.28..29> MW: Memory Width  <0=>  8-bit  <1=> 
                       16-bit
  196 00000000         ;//                                   <2=> 32-bit  <3=> 
                       Reserved
  197 00000000         ;//   </e>
  198 00000000 00000000 
                       BCFG2_SETUP
                               EQU              0
  199 00000000 0000FBEF 
                       BCFG2_Val
                               EQU              0x0000FBEF
  200 00000000         
  201 00000000         ;//   <e> Bank Configuration 3 (BCFG3)
  202 00000000         ;//     <o1.0..3>   IDCY: Idle Cycles <0-15>
  203 00000000         ;//     <o1.5..9>   WST1: Wait States 1 <0-31>
  204 00000000         ;//     <o1.11..15> WST2: Wait States 2 <0-31>
  205 00000000         ;//     <o1.10>     RBLE: Read Byte Lane Enable
  206 00000000         ;//     <o1.26>     WP: Write Protect
  207 00000000         ;//     <o1.27>     BM: Burst ROM
  208 00000000         ;//     <o1.28..29> MW: Memory Width  <0=>  8-bit  <1=> 
                       16-bit
  209 00000000         ;//                                   <2=> 32-bit  <3=> 
                       Reserved
  210 00000000         ;//   </e>
  211 00000000 00000000 
                       BCFG3_SETUP
                               EQU              0
  212 00000000 0000FBEF 



ARM Macro Assembler    Page 7 


                       BCFG3_Val
                               EQU              0x0000FBEF
  213 00000000         
  214 00000000         ;// </e> End of EMC
  215 00000000         
  216 00000000         
  217 00000000         ; External Memory Pins definitions
  218 00000000 E002C014 
                       PINSEL2 EQU              0xE002C014  ; PINSEL2 Address
  219 00000000 0E6149E4 
                       PINSEL2_Val
                               EQU              0x0E6149E4  ; CS0..3, OE, WE, B
                                                            LS0..3, 
  220 00000000         ; D0..31, A2..23, JTAG Pins
  221 00000000         
  222 00000000         
  223 00000000                 PRESERVE8
  224 00000000         
  225 00000000         
  226 00000000         ; Area Definition and Entry Point
  227 00000000         ;  Startup Code must be linked first at Address at which
                        it expects to run.
  228 00000000         
  229 00000000                 AREA             RESET, CODE, READONLY
  230 00000000                 ARM
  231 00000000         
  232 00000000         
  233 00000000         ; Exception Vectors
  234 00000000         ;  Mapped to Address 0.
  235 00000000         ;  Absolute addressing mode must be used.
  236 00000000         ;  Dummy Handlers are implemented as infinite loops whic
                       h can be modified.
  237 00000000         
  238 00000000 E59FF018 
                       Vectors LDR              PC, Reset_Addr
  239 00000004 E59FF018        LDR              PC, Undef_Addr
  240 00000008 E59FF018        LDR              PC, SWI_Addr
  241 0000000C E59FF018        LDR              PC, PAbt_Addr
  242 00000010 E59FF018        LDR              PC, DAbt_Addr
  243 00000014 E1A00000        NOP                          ; Reserved Vector 
  244 00000018         ;               LDR     PC, IRQ_Addr
  245 00000018 E51FFFF0        LDR              PC, [PC, #-0x0FF0] ; Vector fro
                                                            m VicVectAddr
  246 0000001C E59FF018        LDR              PC, FIQ_Addr
  247 00000020         
  248 00000020 00000000 
                       Reset_Addr
                               DCD              Reset_Handler
  249 00000024 00000000 
                       Undef_Addr
                               DCD              Undef_Handler
  250 00000028 00000000 
                       SWI_Addr
                               DCD              SWI_Handler
  251 0000002C 00000000 
                       PAbt_Addr
                               DCD              PAbt_Handler
  252 00000030 00000000 
                       DAbt_Addr



ARM Macro Assembler    Page 8 


                               DCD              DAbt_Handler
  253 00000034 00000000        DCD              0           ; Reserved Address 
                                                            
  254 00000038 00000000 
                       IRQ_Addr
                               DCD              IRQ_Handler
  255 0000003C 00000000 
                       FIQ_Addr
                               DCD              FIQ_Handler
  256 00000040         
  257 00000040 EAFFFFFE 
                       Undef_Handler
                               B                Undef_Handler
  258 00000044 EAFFFFFE 
                       SWI_Handler
                               B                SWI_Handler
  259 00000048 EAFFFFFE 
                       PAbt_Handler
                               B                PAbt_Handler
  260 0000004C EAFFFFFE 
                       DAbt_Handler
                               B                DAbt_Handler
  261 00000050 EAFFFFFE 
                       IRQ_Handler
                               B                IRQ_Handler
  262 00000054 EAFFFFFE 
                       FIQ_Handler
                               B                FIQ_Handler
  263 00000058         
  264 00000058         
  265 00000058         ; Reset Handler
  266 00000058         
  267 00000058                 EXPORT           Reset_Handler
  268 00000058         Reset_Handler
  269 00000058         
  270 00000058         
  271 00000058         ; Setup External Memory Pins
  272 00000058                 IF               :DEF:EXTERNAL_MODE
  276                          ENDIF
  277 00000058         
  278 00000058         
  279 00000058         ; Setup External Memory Controller
  280 00000058                 IF               EMC_SETUP <> 0
  303                          ENDIF                        ; EMC_SETUP
  304 00000058         
  305 00000058         
  306 00000058         ; Setup VPBDIV
  307 00000058                 IF               VPBDIV_SETUP <> 0
  311                          ENDIF
  312 00000058         
  313 00000058         
  314 00000058         ; Setup PLL
  315 00000058                 IF               PLL_SETUP <> 0
  316 00000058 E59F00A0        LDR              R0, =PLL_BASE
  317 0000005C E3A010AA        MOV              R1, #0xAA
  318 00000060 E3A02055        MOV              R2, #0x55
  319 00000064         
  320 00000064         ;  Configure and Enable PLL
  321 00000064 E3A03024        MOV              R3, #PLLCFG_Val



ARM Macro Assembler    Page 9 


  322 00000068 E5803004        STR              R3, [R0, #PLLCFG_OFS]
  323 0000006C E3A03001        MOV              R3, #PLLCON_PLLE
  324 00000070 E5803000        STR              R3, [R0, #PLLCON_OFS]
  325 00000074 E580100C        STR              R1, [R0, #PLLFEED_OFS]
  326 00000078 E580200C        STR              R2, [R0, #PLLFEED_OFS]
  327 0000007C         
  328 0000007C         ;  Wait until PLL Locked
  329 0000007C E5903008 
                       PLL_Loop
                               LDR              R3, [R0, #PLLSTAT_OFS]
  330 00000080 E2133B01        ANDS             R3, R3, #PLLSTAT_PLOCK
  331 00000084 0AFFFFFC        BEQ              PLL_Loop
  332 00000088         
  333 00000088         ;  Switch to PLL Clock
  334 00000088 E3A03003        MOV              R3, #(PLLCON_PLLE:OR:PLLCON_PLL
C)
  335 0000008C E5803000        STR              R3, [R0, #PLLCON_OFS]
  336 00000090 E580100C        STR              R1, [R0, #PLLFEED_OFS]
  337 00000094 E580200C        STR              R2, [R0, #PLLFEED_OFS]
  338 00000098                 ENDIF                        ; PLL_SETUP
  339 00000098         
  340 00000098         
  341 00000098         ; Setup MAM
  342 00000098                 IF               MAM_SETUP <> 0
  343 00000098 E59F0064        LDR              R0, =MAM_BASE
  344 0000009C E3A01004        MOV              R1, #MAMTIM_Val
  345 000000A0 E5801004        STR              R1, [R0, #MAMTIM_OFS]
  346 000000A4 E3A01002        MOV              R1, #MAMCR_Val
  347 000000A8 E5801000        STR              R1, [R0, #MAMCR_OFS]
  348 000000AC                 ENDIF                        ; MAM_SETUP
  349 000000AC         
  350 000000AC         
  351 000000AC         ; Memory Mapping (when Interrupt Vectors are in RAM)
  352 000000AC E01FC040 
                       MEMMAP  EQU              0xE01FC040  ; Memory Mapping Co
                                                            ntrol
  353 000000AC                 IF               :DEF:REMAP
  363                          ENDIF
  364 000000AC         
  365 000000AC         
  366 000000AC         ; Initialise Interrupt System
  367 000000AC         ;  ...
  368 000000AC         
  369 000000AC         
  370 000000AC         ; Setup Stack for each mode
  371 000000AC         
  372 000000AC E59F0054        LDR              R0, =Stack_Top
  373 000000B0         
  374 000000B0         ;  Enter Undefined Instruction Mode and set its Stack Po
                       inter
  375 000000B0 E321F0DB        MSR              CPSR_c, #Mode_UND:OR:I_Bit:OR:F
_Bit
  376 000000B4 E1A0D000        MOV              SP, R0
  377 000000B8 E2400000        SUB              R0, R0, #UND_Stack_Size
  378 000000BC         
  379 000000BC         ;  Enter Abort Mode and set its Stack Pointer
  380 000000BC E321F0D7        MSR              CPSR_c, #Mode_ABT:OR:I_Bit:OR:F
_Bit
  381 000000C0 E1A0D000        MOV              SP, R0



ARM Macro Assembler    Page 10 


  382 000000C4 E2400000        SUB              R0, R0, #ABT_Stack_Size
  383 000000C8         
  384 000000C8         ;  Enter FIQ Mode and set its Stack Pointer
  385 000000C8 E321F0D1        MSR              CPSR_c, #Mode_FIQ:OR:I_Bit:OR:F
_Bit
  386 000000CC E1A0D000        MOV              SP, R0
  387 000000D0 E2400000        SUB              R0, R0, #FIQ_Stack_Size
  388 000000D4         
  389 000000D4         ;  Enter IRQ Mode and set its Stack Pointer
  390 000000D4 E321F0D2        MSR              CPSR_c, #Mode_IRQ:OR:I_Bit:OR:F
_Bit
  391 000000D8 E1A0D000        MOV              SP, R0
  392 000000DC E2400080        SUB              R0, R0, #IRQ_Stack_Size
  393 000000E0         
  394 000000E0         ;  Enter Supervisor Mode and set its Stack Pointer
  395 000000E0 E321F0D3        MSR              CPSR_c, #Mode_SVC:OR:I_Bit:OR:F
_Bit
  396 000000E4 E1A0D000        MOV              SP, R0
  397 000000E8 E2400008        SUB              R0, R0, #SVC_Stack_Size
  398 000000EC         
  399 000000EC         ;  Enter User Mode and set its Stack Pointer
  400 000000EC E321F010        MSR              CPSR_c, #Mode_USR
  401 000000F0                 IF               :DEF:__MICROLIB
  406 000000F0         
  407 000000F0 E1A0D000        MOV              SP, R0
  408 000000F4 E24DAB01        SUB              SL, SP, #USR_Stack_Size
  409 000000F8         
  410 000000F8                 ENDIF
  411 000000F8         
  412 000000F8         
  413 000000F8         ; Enter the C code
  414 000000F8         
  415 000000F8                 IMPORT           __main
  416 000000F8 E59F000C        LDR              R0, =__main
  417 000000FC E12FFF10        BX               R0
  418 00000100         
  419 00000100         
  420 00000100                 IF               :DEF:__MICROLIB
  426 00000100         ; User Initial Stack & Heap
  427 00000100 E01FC080 
              E01FC000 
              00000000 
              00000000         AREA             |.text|, CODE, READONLY
  428 00000000         
  429 00000000                 IMPORT           __use_two_region_memory
  430 00000000                 EXPORT           __user_initial_stackheap
  431 00000000         __user_initial_stackheap
  432 00000000         
  433 00000000 E59F000C        LDR              R0, =  Heap_Mem
  434 00000004 E59F100C        LDR              R1, =(Stack_Mem + USR_Stack_Siz
e)
  435 00000008 E59F2004        LDR              R2, = (Heap_Mem +      Heap_Siz
e)
  436 0000000C E59F3008        LDR              R3, = Stack_Mem
  437 00000010 E12FFF1E        BX               LR
  438 00000014                 ENDIF
  439 00000014         
  440 00000014         
  441 00000014                 END



ARM Macro Assembler    Page 11 


              00000000 
              00000400 
              00000000 
Command Line: --debug --xref --device=DARMP --apcs=interwork -oStartup.o -I"C:\
Program Files\Keil\ARM\INC\Philips" --list=Startup.lst Startup.s



ARM Macro Assembler    Page 1 Alphabetic symbol ordering
Relocatable symbols

STACK 00000000

Symbol: STACK
   Definitions
      At line 69 in file Startup.s
   Uses
      None
Comment: STACK unused
Stack_Mem 00000000

Symbol: Stack_Mem
   Definitions
      At line 71 in file Startup.s
   Uses
      At line 434 in file Startup.s
      At line 436 in file Startup.s

Stack_Top 00000488

Symbol: Stack_Top
   Definitions
      At line 74 in file Startup.s
   Uses
      At line 372 in file Startup.s
Comment: Stack_Top used once
__initial_sp 00000400

Symbol: __initial_sp
   Definitions
      At line 72 in file Startup.s
   Uses
      None
Comment: __initial_sp unused
4 symbols



ARM Macro Assembler    Page 1 Alphabetic symbol ordering
Relocatable symbols

HEAP 00000000

Symbol: HEAP
   Definitions
      At line 83 in file Startup.s
   Uses
      None
Comment: HEAP unused
Heap_Mem 00000000

Symbol: Heap_Mem
   Definitions
      At line 85 in file Startup.s
   Uses
      At line 433 in file Startup.s
      At line 435 in file Startup.s

__heap_base 00000000

Symbol: __heap_base
   Definitions
      At line 84 in file Startup.s
   Uses
      None
Comment: __heap_base unused
__heap_limit 00000000

Symbol: __heap_limit
   Definitions
      At line 86 in file Startup.s
   Uses
      None
Comment: __heap_limit unused
4 symbols



ARM Macro Assembler    Page 1 Alphabetic symbol ordering
Relocatable symbols

DAbt_Addr 00000030

Symbol: DAbt_Addr
   Definitions
      At line 252 in file Startup.s
   Uses
      At line 242 in file Startup.s
Comment: DAbt_Addr used once
DAbt_Handler 0000004C

Symbol: DAbt_Handler
   Definitions
      At line 260 in file Startup.s
   Uses
      At line 252 in file Startup.s
      At line 260 in file Startup.s

FIQ_Addr 0000003C

Symbol: FIQ_Addr
   Definitions
      At line 255 in file Startup.s
   Uses
      At line 246 in file Startup.s
Comment: FIQ_Addr used once
FIQ_Handler 00000054

Symbol: FIQ_Handler
   Definitions
      At line 262 in file Startup.s
   Uses
      At line 255 in file Startup.s
      At line 262 in file Startup.s

IRQ_Addr 00000038

Symbol: IRQ_Addr
   Definitions
      At line 254 in file Startup.s
   Uses
      None
Comment: IRQ_Addr unused
IRQ_Handler 00000050

Symbol: IRQ_Handler
   Definitions
      At line 261 in file Startup.s
   Uses
      At line 254 in file Startup.s
      At line 261 in file Startup.s

PAbt_Addr 0000002C

Symbol: PAbt_Addr
   Definitions
      At line 251 in file Startup.s
   Uses
      At line 241 in file Startup.s
Comment: PAbt_Addr used once



ARM Macro Assembler    Page 2 Alphabetic symbol ordering
Relocatable symbols

PAbt_Handler 00000048

Symbol: PAbt_Handler
   Definitions
      At line 259 in file Startup.s
   Uses
      At line 251 in file Startup.s
      At line 259 in file Startup.s

PLL_Loop 0000007C

Symbol: PLL_Loop
   Definitions
      At line 329 in file Startup.s
   Uses
      At line 331 in file Startup.s
Comment: PLL_Loop used once
RESET 00000000

Symbol: RESET
   Definitions
      At line 229 in file Startup.s
   Uses
      None
Comment: RESET unused
Reset_Addr 00000020

Symbol: Reset_Addr
   Definitions
      At line 248 in file Startup.s
   Uses
      At line 238 in file Startup.s
Comment: Reset_Addr used once
Reset_Handler 00000058

Symbol: Reset_Handler
   Definitions
      At line 268 in file Startup.s
   Uses
      At line 248 in file Startup.s
      At line 267 in file Startup.s

SWI_Addr 00000028

Symbol: SWI_Addr
   Definitions
      At line 250 in file Startup.s
   Uses
      At line 240 in file Startup.s
Comment: SWI_Addr used once
SWI_Handler 00000044

Symbol: SWI_Handler
   Definitions
      At line 258 in file Startup.s
   Uses
      At line 250 in file Startup.s
      At line 258 in file Startup.s




ARM Macro Assembler    Page 3 Alphabetic symbol ordering
Relocatable symbols

Undef_Addr 00000024

Symbol: Undef_Addr
   Definitions
      At line 249 in file Startup.s
   Uses
      At line 239 in file Startup.s
Comment: Undef_Addr used once
Undef_Handler 00000040

Symbol: Undef_Handler
   Definitions
      At line 257 in file Startup.s
   Uses
      At line 249 in file Startup.s
      At line 257 in file Startup.s

Vectors 00000000

Symbol: Vectors
   Definitions
      At line 238 in file Startup.s
   Uses
      None
Comment: Vectors unused
17 symbols



ARM Macro Assembler    Page 1 Alphabetic symbol ordering
Relocatable symbols

.text 00000000

Symbol: .text
   Definitions
      At line 427 in file Startup.s
   Uses
      None
Comment: .text unused
__user_initial_stackheap 00000000

Symbol: __user_initial_stackheap
   Definitions
      At line 431 in file Startup.s
   Uses
      At line 430 in file Startup.s
Comment: __user_initial_stackheap used once
2 symbols



ARM Macro Assembler    Page 1 Alphabetic symbol ordering
Relocatable symbols

.debug_info$$$RESET 00000000

Symbol: .debug_info$$$RESET
   Definitions
      None
   Uses
      None
Warning: .debug_info$$$RESET undefinedComment: .debug_info$$$RESET unused
1 symbol



ARM Macro Assembler    Page 1 Alphabetic symbol ordering
Relocatable symbols

.debug_line$$$RESET 00000000

Symbol: .debug_line$$$RESET
   Definitions
      None
   Uses
      None
Warning: .debug_line$$$RESET undefinedComment: .debug_line$$$RESET unused
1 symbol



ARM Macro Assembler    Page 1 Alphabetic symbol ordering
Relocatable symbols

.debug_info$$$.text 00000000

Symbol: .debug_info$$$.text
   Definitions
      None
   Uses
      None
Warning: .debug_info$$$.text undefinedComment: .debug_info$$$.text unused
1 symbol



ARM Macro Assembler    Page 1 Alphabetic symbol ordering
Relocatable symbols

.debug_line$$$.text 00000000

Symbol: .debug_line$$$.text
   Definitions
      None
   Uses
      None
Warning: .debug_line$$$.text undefinedComment: .debug_line$$$.text unused
1 symbol



ARM Macro Assembler    Page 1 Alphabetic symbol ordering
Relocatable symbols

.debug_abbrev 00000000

Symbol: .debug_abbrev
   Definitions
      None
   Uses
      None
Warning: .debug_abbrev undefinedComment: .debug_abbrev unused
__ARM_asm.debug_abbrev 00000000

Symbol: __ARM_asm.debug_abbrev
   Definitions
      None
   Uses
      None
Warning: __ARM_asm.debug_abbrev undefinedComment: __ARM_asm.debug_abbrev unused
2 symbols



ARM Macro Assembler    Page 1 Alphabetic symbol ordering
Absolute symbols

ABT_Stack_Size 00000000

Symbol: ABT_Stack_Size
   Definitions
      At line 61 in file Startup.s
   Uses
      At line 67 in file Startup.s
      At line 382 in file Startup.s

BCFG0_OFS 00000000

Symbol: BCFG0_OFS
   Definitions
      At line 154 in file Startup.s
   Uses
      None
Comment: BCFG0_OFS unused
BCFG0_SETUP 00000000

Symbol: BCFG0_SETUP
   Definitions
      At line 172 in file Startup.s
   Uses
      None
Comment: BCFG0_SETUP unused
BCFG0_Val 0000FBEF

Symbol: BCFG0_Val
   Definitions
      At line 173 in file Startup.s
   Uses
      None
Comment: BCFG0_Val unused
BCFG1_OFS 00000004

Symbol: BCFG1_OFS
   Definitions
      At line 155 in file Startup.s
   Uses
      None
Comment: BCFG1_OFS unused
BCFG1_SETUP 00000000

Symbol: BCFG1_SETUP
   Definitions
      At line 185 in file Startup.s
   Uses
      None
Comment: BCFG1_SETUP unused
BCFG1_Val 0000FBEF

Symbol: BCFG1_Val
   Definitions
      At line 186 in file Startup.s
   Uses
      None
Comment: BCFG1_Val unused
BCFG2_OFS 00000008




ARM Macro Assembler    Page 2 Alphabetic symbol ordering
Absolute symbols

Symbol: BCFG2_OFS
   Definitions
      At line 156 in file Startup.s
   Uses
      None
Comment: BCFG2_OFS unused
BCFG2_SETUP 00000000

Symbol: BCFG2_SETUP
   Definitions
      At line 198 in file Startup.s
   Uses
      None
Comment: BCFG2_SETUP unused
BCFG2_Val 0000FBEF

Symbol: BCFG2_Val
   Definitions
      At line 199 in file Startup.s
   Uses
      None
Comment: BCFG2_Val unused
BCFG3_OFS 0000000C

Symbol: BCFG3_OFS
   Definitions
      At line 157 in file Startup.s
   Uses
      None
Comment: BCFG3_OFS unused
BCFG3_SETUP 00000000

Symbol: BCFG3_SETUP
   Definitions
      At line 211 in file Startup.s
   Uses
      None
Comment: BCFG3_SETUP unused
BCFG3_Val 0000FBEF

Symbol: BCFG3_Val
   Definitions
      At line 212 in file Startup.s
   Uses
      None
Comment: BCFG3_Val unused
EMC_BASE FFE00000

Symbol: EMC_BASE
   Definitions
      At line 153 in file Startup.s
   Uses
      None
Comment: EMC_BASE unused
EMC_SETUP 00000000

Symbol: EMC_SETUP
   Definitions
      At line 160 in file Startup.s



ARM Macro Assembler    Page 3 Alphabetic symbol ordering
Absolute symbols

   Uses
      At line 280 in file Startup.s
Comment: EMC_SETUP used once
FIQ_Stack_Size 00000000

Symbol: FIQ_Stack_Size
   Definitions
      At line 62 in file Startup.s
   Uses
      At line 67 in file Startup.s
      At line 387 in file Startup.s

F_Bit 00000040

Symbol: F_Bit
   Definitions
      At line 47 in file Startup.s
   Uses
      At line 375 in file Startup.s
      At line 380 in file Startup.s
      At line 385 in file Startup.s
      At line 390 in file Startup.s
      At line 395 in file Startup.s

Heap_Size 00000000

Symbol: Heap_Size
   Definitions
      At line 81 in file Startup.s
   Uses
      At line 85 in file Startup.s
      At line 435 in file Startup.s

IRQ_Stack_Size 00000080

Symbol: IRQ_Stack_Size
   Definitions
      At line 63 in file Startup.s
   Uses
      At line 67 in file Startup.s
      At line 392 in file Startup.s

ISR_Stack_Size 00000088

Symbol: ISR_Stack_Size
   Definitions
      At line 67 in file Startup.s
   Uses
      At line 72 in file Startup.s
Comment: ISR_Stack_Size used once
I_Bit 00000080

Symbol: I_Bit
   Definitions
      At line 46 in file Startup.s
   Uses
      At line 375 in file Startup.s
      At line 380 in file Startup.s
      At line 385 in file Startup.s



ARM Macro Assembler    Page 4 Alphabetic symbol ordering
Absolute symbols

      At line 390 in file Startup.s
      At line 395 in file Startup.s

MAMCR_OFS 00000000

Symbol: MAMCR_OFS
   Definitions
      At line 133 in file Startup.s
   Uses
      At line 347 in file Startup.s
Comment: MAMCR_OFS used once
MAMCR_Val 00000002

Symbol: MAMCR_Val
   Definitions
      At line 148 in file Startup.s
   Uses
      At line 346 in file Startup.s
Comment: MAMCR_Val used once
MAMTIM_OFS 00000004

Symbol: MAMTIM_OFS
   Definitions
      At line 134 in file Startup.s
   Uses
      At line 345 in file Startup.s
Comment: MAMTIM_OFS used once
MAMTIM_Val 00000004

Symbol: MAMTIM_Val
   Definitions
      At line 149 in file Startup.s
   Uses
      At line 344 in file Startup.s
Comment: MAMTIM_Val used once
MAM_BASE E01FC000

Symbol: MAM_BASE
   Definitions
      At line 132 in file Startup.s
   Uses
      At line 343 in file Startup.s
Comment: MAM_BASE used once
MAM_SETUP 00000001

Symbol: MAM_SETUP
   Definitions
      At line 147 in file Startup.s
   Uses
      At line 342 in file Startup.s
Comment: MAM_SETUP used once
MEMMAP E01FC040

Symbol: MEMMAP
   Definitions
      At line 352 in file Startup.s
   Uses
      None
Comment: MEMMAP unused



ARM Macro Assembler    Page 5 Alphabetic symbol ordering
Absolute symbols

Mode_ABT 00000017

Symbol: Mode_ABT
   Definitions
      At line 42 in file Startup.s
   Uses
      At line 380 in file Startup.s
Comment: Mode_ABT used once
Mode_FIQ 00000011

Symbol: Mode_FIQ
   Definitions
      At line 39 in file Startup.s
   Uses
      At line 385 in file Startup.s
Comment: Mode_FIQ used once
Mode_IRQ 00000012

Symbol: Mode_IRQ
   Definitions
      At line 40 in file Startup.s
   Uses
      At line 390 in file Startup.s
Comment: Mode_IRQ used once
Mode_SVC 00000013

Symbol: Mode_SVC
   Definitions
      At line 41 in file Startup.s
   Uses
      At line 395 in file Startup.s
Comment: Mode_SVC used once
Mode_SYS 0000001F

Symbol: Mode_SYS
   Definitions
      At line 44 in file Startup.s
   Uses
      None
Comment: Mode_SYS unused
Mode_UND 0000001B

Symbol: Mode_UND
   Definitions
      At line 43 in file Startup.s
   Uses
      At line 375 in file Startup.s
Comment: Mode_UND used once
Mode_USR 00000010

Symbol: Mode_USR
   Definitions
      At line 38 in file Startup.s
   Uses
      At line 400 in file Startup.s
Comment: Mode_USR used once
PINSEL2 E002C014

Symbol: PINSEL2



ARM Macro Assembler    Page 6 Alphabetic symbol ordering
Absolute symbols

   Definitions
      At line 218 in file Startup.s
   Uses
      None
Comment: PINSEL2 unused
PINSEL2_Val 0E6149E4

Symbol: PINSEL2_Val
   Definitions
      At line 219 in file Startup.s
   Uses
      None
Comment: PINSEL2_Val unused
PLLCFG_MSEL 0000001F

Symbol: PLLCFG_MSEL
   Definitions
      At line 115 in file Startup.s
   Uses
      None
Comment: PLLCFG_MSEL unused
PLLCFG_OFS 00000004

Symbol: PLLCFG_OFS
   Definitions
      At line 110 in file Startup.s
   Uses
      At line 322 in file Startup.s
Comment: PLLCFG_OFS used once
PLLCFG_PSEL 00000060

Symbol: PLLCFG_PSEL
   Definitions
      At line 116 in file Startup.s
   Uses
      None
Comment: PLLCFG_PSEL unused
PLLCFG_Val 00000024

Symbol: PLLCFG_Val
   Definitions
      At line 128 in file Startup.s
   Uses
      At line 321 in file Startup.s
Comment: PLLCFG_Val used once
PLLCON_OFS 00000000

Symbol: PLLCON_OFS
   Definitions
      At line 109 in file Startup.s
   Uses
      At line 324 in file Startup.s
      At line 335 in file Startup.s

PLLCON_PLLC 00000002

Symbol: PLLCON_PLLC
   Definitions
      At line 114 in file Startup.s



ARM Macro Assembler    Page 7 Alphabetic symbol ordering
Absolute symbols

   Uses
      At line 334 in file Startup.s
Comment: PLLCON_PLLC used once
PLLCON_PLLE 00000001

Symbol: PLLCON_PLLE
   Definitions
      At line 113 in file Startup.s
   Uses
      At line 323 in file Startup.s
      At line 334 in file Startup.s

PLLFEED_OFS 0000000C

Symbol: PLLFEED_OFS
   Definitions
      At line 112 in file Startup.s
   Uses
      At line 325 in file Startup.s
      At line 326 in file Startup.s
      At line 336 in file Startup.s
      At line 337 in file Startup.s

PLLSTAT_OFS 00000008

Symbol: PLLSTAT_OFS
   Definitions
      At line 111 in file Startup.s
   Uses
      At line 329 in file Startup.s
Comment: PLLSTAT_OFS used once
PLLSTAT_PLOCK 00000400

Symbol: PLLSTAT_PLOCK
   Definitions
      At line 117 in file Startup.s
   Uses
      At line 330 in file Startup.s
Comment: PLLSTAT_PLOCK used once
PLL_BASE E01FC080

Symbol: PLL_BASE
   Definitions
      At line 108 in file Startup.s
   Uses
      At line 316 in file Startup.s
Comment: PLL_BASE used once
PLL_SETUP 00000001

Symbol: PLL_SETUP
   Definitions
      At line 127 in file Startup.s
   Uses
      At line 315 in file Startup.s
Comment: PLL_SETUP used once
SVC_Stack_Size 00000008

Symbol: SVC_Stack_Size
   Definitions



ARM Macro Assembler    Page 8 Alphabetic symbol ordering
Absolute symbols

      At line 60 in file Startup.s
   Uses
      At line 67 in file Startup.s
      At line 397 in file Startup.s

UND_Stack_Size 00000000

Symbol: UND_Stack_Size
   Definitions
      At line 59 in file Startup.s
   Uses
      At line 67 in file Startup.s
      At line 377 in file Startup.s

USR_Stack_Size 00000400

Symbol: USR_Stack_Size
   Definitions
      At line 64 in file Startup.s
   Uses
      At line 71 in file Startup.s
      At line 408 in file Startup.s
      At line 434 in file Startup.s

VPBDIV E01FC100

Symbol: VPBDIV
   Definitions
      At line 90 in file Startup.s
   Uses
      None
Comment: VPBDIV unused
VPBDIV_SETUP 00000000

Symbol: VPBDIV_SETUP
   Definitions
      At line 103 in file Startup.s
   Uses
      At line 307 in file Startup.s
Comment: VPBDIV_SETUP used once
VPBDIV_Val 00000000

Symbol: VPBDIV_Val
   Definitions
      At line 104 in file Startup.s
   Uses
      None
Comment: VPBDIV_Val unused
55 symbols



ARM Macro Assembler    Page 1 Alphabetic symbol ordering
External symbols

__main 00000000

Symbol: __main
   Definitions
      At line 415 in file Startup.s
   Uses
      At line 416 in file Startup.s
Comment: __main used once
__use_two_region_memory 00000000

Symbol: __use_two_region_memory
   Definitions
      At line 429 in file Startup.s
   Uses
      None
Comment: __use_two_region_memory unused
2 symbols
413 symbols in table
